<?xml version="1.0" encoding="UTF-8"?>
<!-- Generated by org.testng.reporters.JUnitXMLReporter -->
<testsuite ignored="0" hostname="Srikanth" failures="0" tests="10" name="Default test" time="253.297" errors="0" timestamp="2026-08-08T15:50:09 IST">
  <testcase classname="tests.LoginTest" name="verifyValidLogin" time="3.913"/>
  <testcase classname="tests.LoginTest" name="verifyValidLogin" time="2.306"/>
  <testcase classname="tests.LoginTest" name="verifyValidLogin" time="2.622"/>
  <testcase classname="tests.DeleteAccountTest" name="verifyDeleteAccount" time="9.618"/>
  <testcase classname="tests.SignupTest" name="verifySignup" time="54.873"/>
  <testcase classname="tests.ProductTest" name="verifyAddProductToCart" time="9.446"/>
  <testcase classname="tests.ProductTest" name="verifySearchProduct" time="7.484"/>
  <testcase classname="tests.ContactUsTest" name="verifyContactUsForm" time="2.469"/>
  <testcase classname="tests.LogoutTest" name="verifyLogout" time="9.863"/>
  <testcase classname="tests.CheckoutTest" name="verifyCompleteOrderPlacement" time="68.718"/>
</testsuite> <!-- Default test -->
