<?xml version="1.0" encoding="UTF-8"?>
<!-- Generated by org.testng.reporters.JUnitXMLReporter -->
<testsuite ignored="0" hostname="Srikanth" failures="2" tests="10" name="Default test" time="280.263" errors="0" timestamp="2026-08-12T12:34:17 IST">
  <testcase classname="tests.LoginTest" name="verifyValidLogin" time="3.693"/>
  <testcase classname="tests.LoginTest" name="verifyValidLogin" time="4.89"/>
  <testcase classname="tests.LoginTest" name="verifyValidLogin" time="6.293"/>
  <testcase classname="tests.DeleteAccountTest" name="verifyDeleteAccount" time="14.704"/>
  <testcase classname="tests.SignupTest" name="verifySignup" time="21.016"/>
  <testcase classname="tests.ProductTest" name="verifyAddProductToCart" time="7.024"/>
  <testcase classname="tests.ProductTest" name="verifySearchProduct" time="25.949">
    <failure type="org.openqa.selenium.TimeoutException" message="Expected condition failed: waiting for visibility of [[ChromeDriver: chrome on windows (344316f953ed1d115e3c8a9ac46e7e19)] -&amp;gt; id: search_product]
(tried for 10 seconds with 500 milliseconds interval)">
      <![CDATA[org.openqa.selenium.TimeoutException: Expected condition failed: waiting for visibility of [[ChromeDriver: chrome on windows (344316f953ed1d115e3c8a9ac46e7e19)] -> id: search_product]
(tried for 10 seconds with 500 milliseconds interval)
at org.openqa.selenium.support.ui.WebDriverWait.timeoutException(WebDriverWait.java:85)
at org.openqa.selenium.support.ui.FluentWait.until(FluentWait.java:234)
at pages.ProductPage.searchProduct(ProductPage.java:50)
at tests.ProductTest.verifySearchProduct(ProductTest.java:24)
at java.base/jdk.internal.reflect.NativeMethodAccessorImpl.invoke0(Native Method)
at java.base/jdk.internal.reflect.NativeMethodAccessorImpl.invoke(NativeMethodAccessorImpl.java:77)
at java.base/jdk.internal.reflect.DelegatingMethodAccessorImpl.invoke(DelegatingMethodAccessorImpl.java:43)
at java.base/java.lang.reflect.Method.invoke(Method.java:568)
at org.testng.internal.invokers.MethodInvocationHelper.invokeMethod(MethodInvocationHelper.java:141)
at org.testng.internal.invokers.TestInvoker.invokeMethod(TestInvoker.java:687)
at org.testng.internal.invokers.TestInvoker.invokeTestMethod(TestInvoker.java:230)
at org.testng.internal.invokers.MethodRunner.runInSequence(MethodRunner.java:63)
at org.testng.internal.invokers.TestInvoker$MethodInvocationAgent.invoke(TestInvoker.java:995)
at org.testng.internal.invokers.TestInvoker.invokeTestMethods(TestInvoker.java:203)
at org.testng.internal.invokers.TestMethodWorker.invokeTestMethods(TestMethodWorker.java:154)
at org.testng.internal.invokers.TestMethodWorker.run(TestMethodWorker.java:134)
at java.base/java.util.ArrayList.forEach(ArrayList.java:1511)
at org.testng.TestRunner.privateRun(TestRunner.java:741)
at org.testng.TestRunner.run(TestRunner.java:616)
at org.testng.SuiteRunner.runTest(SuiteRunner.java:421)
at org.testng.SuiteRunner.runSequentially(SuiteRunner.java:413)
at org.testng.SuiteRunner.privateRun(SuiteRunner.java:373)
at org.testng.SuiteRunner.run(SuiteRunner.java:312)
at org.testng.SuiteRunnerWorker.runSuite(SuiteRunnerWorker.java:52)
at org.testng.SuiteRunnerWorker.run(SuiteRunnerWorker.java:95)
at org.testng.TestNG.runSuitesSequentially(TestNG.java:1274)
at org.testng.TestNG.runSuitesLocally(TestNG.java:1208)
at org.testng.TestNG.runSuites(TestNG.java:1112)
at org.testng.TestNG.run(TestNG.java:1079)
at org.testng.remote.AbstractRemoteTestNG.run(AbstractRemoteTestNG.java:115)
at org.testng.remote.RemoteTestNG.initAndRun(RemoteTestNG.java:293)
at org.testng.remote.RemoteTestNG.main(RemoteTestNG.java:91)
Caused by: org.openqa.selenium.NoSuchElementException: no such element: Unable to locate element: {"method":"css selector","selector":"#search_product"}
  (Session info: chrome=151.0.7922.76)
For documentation on this error, please visit: https://www.selenium.dev/documentation/webdriver/troubleshooting/errors#nosuchelementexception
Build info: version: '4.46.0', revision: 'df5a634 df5a6341cbb5f8f06b836bd595752775627c80dc'
System info: os.name: 'Windows 11', os.arch: 'amd64', os.version: '10.0', java.version: '17.0.12'
Driver info: org.openqa.selenium.chrome.ChromeDriver
Command: [344316f953ed1d115e3c8a9ac46e7e19, findElement {using=id, value=search_product}]
Capabilities {acceptInsecureCerts: false, browserName: chrome, browserVersion: 151.0.7922.76, chrome: {chromedriverVersion: 151.0.7922.138 (41fa8244239..., userDataDir: C:\Users\chsri\AppData\Loca...}, fedcm:accounts: true, goog:chromeOptions: {debuggerAddress: localhost:61348}, goog:processID: 25008, networkConnectionEnabled: false, pageLoadStrategy: normal, platformName: windows, proxy: Proxy(), se:cdp: ws://localhost:61348/devtoo..., se:cdpVersion: 151.0.7922.76, setWindowRect: true, strictFileInteractability: false, timeouts: {implicit: 0, pageLoad: 300000, script: 30000}, unhandledPromptBehavior: dismiss and notify, webauthn:extension:credBlob: true, webauthn:extension:largeBlob: true, webauthn:extension:minPinLength: true, webauthn:extension:prf: true, webauthn:virtualAuthenticators: true}
Session ID: 344316f953ed1d115e3c8a9ac46e7e19
at org.openqa.selenium.remote.ErrorCodec.decode(ErrorCodec.java:169)
at org.openqa.selenium.remote.codec.w3c.W3CHttpResponseCodec.decode(W3CHttpResponseCodec.java:143)
at org.openqa.selenium.remote.codec.w3c.W3CHttpResponseCodec.decode(W3CHttpResponseCodec.java:50)
at org.openqa.selenium.remote.HttpCommandExecutor.execute(HttpCommandExecutor.java:196)
at org.openqa.selenium.remote.service.DriverCommandExecutor.invokeExecute(DriverCommandExecutor.java:217)
at org.openqa.selenium.remote.service.DriverCommandExecutor.execute(DriverCommandExecutor.java:175)
at org.openqa.selenium.remote.RemoteWebDriver.execute(RemoteWebDriver.java:626)
at org.openqa.selenium.remote.ElementLocation$ElementFinder$2.findElement(ElementLocation.java:173)
at org.openqa.selenium.remote.ElementLocation.findElement(ElementLocation.java:67)
at org.openqa.selenium.remote.RemoteWebDriver.findElement(RemoteWebDriver.java:406)
at org.openqa.selenium.remote.RemoteWebDriver.findElement(RemoteWebDriver.java:400)
at org.openqa.selenium.support.pagefactory.DefaultElementLocator.findElement(DefaultElementLocator.java:69)
at org.openqa.selenium.support.pagefactory.internal.LocatingElementHandler.invoke(LocatingElementHandler.java:38)
at jdk.proxy2/jdk.proxy2.$Proxy13.isDisplayed(Unknown Source)
at org.openqa.selenium.support.ui.ExpectedConditions.elementIfVisible(ExpectedConditions.java:365)
at org.openqa.selenium.support.ui.ExpectedConditions$10.apply(ExpectedConditions.java:351)
at org.openqa.selenium.support.ui.ExpectedConditions$10.apply(ExpectedConditions.java:348)
at org.openqa.selenium.support.ui.FluentWait.until(FluentWait.java:210)
... 30 more
]]>
    </failure>
  </testcase> <!-- verifySearchProduct -->
  <testcase classname="tests.ContactUsTest" name="verifyContactUsForm" time="5.868">
    <failure type="org.openqa.selenium.ElementClickInterceptedException" message="element click intercepted: Element &amp;lt;input type=&amp;quot;submit&amp;quot; data-qa=&amp;quot;submit-button&amp;quot; name=&amp;quot;submit&amp;quot; class=&amp;quot;btn btn-primary pull-left submit_form&amp;quot; value=&amp;quot;Submit&amp;quot;&amp;gt; is not clickable at point (239, 653). Other element would receive the click: &amp;lt;iframe id=&amp;quot;aswift_2&amp;quot; name=&amp;quot;aswift_2&amp;quot; style=&amp;quot;min-height: auto !important; max-height: none !important; min-width: auto !important; max-width: none !important; width: 100vw !important; height: 100vh !important; inset: 0px auto auto 0px !important; position: absolute !important; clear: none !important; display: inline !important; float: none !important; margin: 0px !important; opacity: 1 !important; overflow: visible !important; padding: 0px !important; vertical-align: baseline !important; visibility: visible !important; z-index: auto !important;&amp;quot; sandbox=&amp;quot;allow-forms allow-popups allow-popups-to-escape-sandbox allow-same-origin allow-scripts allow-top-navigation-by-user-activation&amp;quot; width=&amp;quot;&amp;quot; height=&amp;quot;&amp;quot; frameborder=&amp;quot;0&amp;quot; marginwidth=&amp;quot;0&amp;quot; marginheight=&amp;quot;0&amp;quot; vspace=&amp;quot;0&amp;quot; hspace=&amp;quot;0&amp;quot; allowtransparency=&amp;quot;true&amp;quot; scrolling=&amp;quot;no&amp;quot; allow=&amp;quot;attribution-reporting; run-ad-auction&amp;quot; src=&amp;quot;https://googleads.g.doubleclick.net/pagead/html/r20260811/r20190131/zrt_lookup_fy2021.html#RS-0-&amp;amp;amp;adk=1812271808&amp;amp;amp;client=ca-pub-1677597403311019&amp;amp;amp;fa=8&amp;amp;amp;ifi=3&amp;amp;amp;uci=a!3&amp;quot; data-google-container-id=&amp;quot;a!3&amp;quot; tabindex=&amp;quot;0&amp;quot; title=&amp;quot;Advertisement&amp;quot; aria-label=&amp;quot;Advertisement&amp;quot; data-google-query-id=&amp;quot;CNGuiN3CmpYDFfORRgQd-l4wPw&amp;quot; data-load-complete=&amp;quot;true&amp;quot;&amp;gt;&amp;lt;/iframe&amp;gt;
  (Session info: chrome=151.0.7922.76)
Build info: version: &amp;apos;4.46.0&amp;apos;, revision: &amp;apos;df5a634 df5a6341cbb5f8f06b836bd595752775627c80dc&amp;apos;
System info: os.name: &amp;apos;Windows 11&amp;apos;, os.arch: &amp;apos;amd64&amp;apos;, os.version: &amp;apos;10.0&amp;apos;, java.version: &amp;apos;17.0.12&amp;apos;
Driver info: org.openqa.selenium.chrome.ChromeDriver
Command: [ffec6becaa27494a55055ba3b746a842, clickElement {id=f.21D93A82DBFA662885AE8103DFECEB34.d.167B1E7A875C2730497B6A9D0A5819A5.e.54}]
Capabilities {acceptInsecureCerts: false, browserName: chrome, browserVersion: 151.0.7922.76, chrome: {chromedriverVersion: 151.0.7922.138 (41fa8244239..., userDataDir: C:\Users\chsri\AppData\Loca...}, fedcm:accounts: true, goog:chromeOptions: {debuggerAddress: localhost:58602}, goog:processID: 9752, networkConnectionEnabled: false, pageLoadStrategy: normal, platformName: windows, proxy: Proxy(), se:cdp: ws://localhost:58602/devtoo..., se:cdpVersion: 151.0.7922.76, setWindowRect: true, strictFileInteractability: false, timeouts: {implicit: 0, pageLoad: 300000, script: 30000}, unhandledPromptBehavior: dismiss and notify, webauthn:extension:credBlob: true, webauthn:extension:largeBlob: true, webauthn:extension:minPinLength: true, webauthn:extension:prf: true, webauthn:virtualAuthenticators: true}
Element: [[ChromeDriver: chrome on windows (ffec6becaa27494a55055ba3b746a842)] -&amp;gt; name: submit]
Session ID: ffec6becaa27494a55055ba3b746a842">
      <![CDATA[org.openqa.selenium.ElementClickInterceptedException: element click intercepted: Element <input type="submit" data-qa="submit-button" name="submit" class="btn btn-primary pull-left submit_form" value="Submit"> is not clickable at point (239, 653). Other element would receive the click: <iframe id="aswift_2" name="aswift_2" style="min-height: auto !important; max-height: none !important; min-width: auto !important; max-width: none !important; width: 100vw !important; height: 100vh !important; inset: 0px auto auto 0px !important; position: absolute !important; clear: none !important; display: inline !important; float: none !important; margin: 0px !important; opacity: 1 !important; overflow: visible !important; padding: 0px !important; vertical-align: baseline !important; visibility: visible !important; z-index: auto !important;" sandbox="allow-forms allow-popups allow-popups-to-escape-sandbox allow-same-origin allow-scripts allow-top-navigation-by-user-activation" width="" height="" frameborder="0" marginwidth="0" marginheight="0" vspace="0" hspace="0" allowtransparency="true" scrolling="no" allow="attribution-reporting; run-ad-auction" src="https://googleads.g.doubleclick.net/pagead/html/r20260811/r20190131/zrt_lookup_fy2021.html#RS-0-&amp;adk=1812271808&amp;client=ca-pub-1677597403311019&amp;fa=8&amp;ifi=3&amp;uci=a!3" data-google-container-id="a!3" tabindex="0" title="Advertisement" aria-label="Advertisement" data-google-query-id="CNGuiN3CmpYDFfORRgQd-l4wPw" data-load-complete="true"></iframe>
  (Session info: chrome=151.0.7922.76)
Build info: version: '4.46.0', revision: 'df5a634 df5a6341cbb5f8f06b836bd595752775627c80dc'
System info: os.name: 'Windows 11', os.arch: 'amd64', os.version: '10.0', java.version: '17.0.12'
Driver info: org.openqa.selenium.chrome.ChromeDriver
Command: [ffec6becaa27494a55055ba3b746a842, clickElement {id=f.21D93A82DBFA662885AE8103DFECEB34.d.167B1E7A875C2730497B6A9D0A5819A5.e.54}]
Capabilities {acceptInsecureCerts: false, browserName: chrome, browserVersion: 151.0.7922.76, chrome: {chromedriverVersion: 151.0.7922.138 (41fa8244239..., userDataDir: C:\Users\chsri\AppData\Loca...}, fedcm:accounts: true, goog:chromeOptions: {debuggerAddress: localhost:58602}, goog:processID: 9752, networkConnectionEnabled: false, pageLoadStrategy: normal, platformName: windows, proxy: Proxy(), se:cdp: ws://localhost:58602/devtoo..., se:cdpVersion: 151.0.7922.76, setWindowRect: true, strictFileInteractability: false, timeouts: {implicit: 0, pageLoad: 300000, script: 30000}, unhandledPromptBehavior: dismiss and notify, webauthn:extension:credBlob: true, webauthn:extension:largeBlob: true, webauthn:extension:minPinLength: true, webauthn:extension:prf: true, webauthn:virtualAuthenticators: true}
Element: [[ChromeDriver: chrome on windows (ffec6becaa27494a55055ba3b746a842)] -> name: submit]
Session ID: ffec6becaa27494a55055ba3b746a842
at org.openqa.selenium.remote.ErrorCodec.decode(ErrorCodec.java:169)
at org.openqa.selenium.remote.codec.w3c.W3CHttpResponseCodec.decode(W3CHttpResponseCodec.java:143)
at org.openqa.selenium.remote.codec.w3c.W3CHttpResponseCodec.decode(W3CHttpResponseCodec.java:50)
at org.openqa.selenium.remote.HttpCommandExecutor.execute(HttpCommandExecutor.java:196)
at org.openqa.selenium.remote.service.DriverCommandExecutor.invokeExecute(DriverCommandExecutor.java:217)
at org.openqa.selenium.remote.service.DriverCommandExecutor.execute(DriverCommandExecutor.java:175)
at org.openqa.selenium.remote.RemoteWebDriver.execute(RemoteWebDriver.java:626)
at org.openqa.selenium.remote.RemoteWebElement.execute(RemoteWebElement.java:225)
at org.openqa.selenium.remote.RemoteWebElement.click(RemoteWebElement.java:79)
at jdk.internal.reflect.GeneratedMethodAccessor2.invoke(Unknown Source)
at java.base/jdk.internal.reflect.DelegatingMethodAccessorImpl.invoke(DelegatingMethodAccessorImpl.java:43)
at java.base/java.lang.reflect.Method.invoke(Method.java:568)
at org.openqa.selenium.support.pagefactory.internal.LocatingElementHandler.invoke(LocatingElementHandler.java:51)
at jdk.proxy2/jdk.proxy2.$Proxy13.click(Unknown Source)
at pages.ContactUsPage.clickSubmit(ContactUsPage.java:73)
at tests.ContactUsTest.verifyContactUsForm(ContactUsTest.java:37)
at java.base/jdk.internal.reflect.NativeMethodAccessorImpl.invoke0(Native Method)
at java.base/jdk.internal.reflect.NativeMethodAccessorImpl.invoke(NativeMethodAccessorImpl.java:77)
at java.base/jdk.internal.reflect.DelegatingMethodAccessorImpl.invoke(DelegatingMethodAccessorImpl.java:43)
at java.base/java.lang.reflect.Method.invoke(Method.java:568)
at org.testng.internal.invokers.MethodInvocationHelper.invokeMethod(MethodInvocationHelper.java:141)
at org.testng.internal.invokers.TestInvoker.invokeMethod(TestInvoker.java:687)
at org.testng.internal.invokers.TestInvoker.invokeTestMethod(TestInvoker.java:230)
at org.testng.internal.invokers.MethodRunner.runInSequence(MethodRunner.java:63)
at org.testng.internal.invokers.TestInvoker$MethodInvocationAgent.invoke(TestInvoker.java:995)
at org.testng.internal.invokers.TestInvoker.invokeTestMethods(TestInvoker.java:203)
at org.testng.internal.invokers.TestMethodWorker.invokeTestMethods(TestMethodWorker.java:154)
at org.testng.internal.invokers.TestMethodWorker.run(TestMethodWorker.java:134)
at java.base/java.util.ArrayList.forEach(ArrayList.java:1511)
at org.testng.TestRunner.privateRun(TestRunner.java:741)
at org.testng.TestRunner.run(TestRunner.java:616)
at org.testng.SuiteRunner.runTest(SuiteRunner.java:421)
at org.testng.SuiteRunner.runSequentially(SuiteRunner.java:413)
at org.testng.SuiteRunner.privateRun(SuiteRunner.java:373)
at org.testng.SuiteRunner.run(SuiteRunner.java:312)
at org.testng.SuiteRunnerWorker.runSuite(SuiteRunnerWorker.java:52)
at org.testng.SuiteRunnerWorker.run(SuiteRunnerWorker.java:95)
at org.testng.TestNG.runSuitesSequentially(TestNG.java:1274)
at org.testng.TestNG.runSuitesLocally(TestNG.java:1208)
at org.testng.TestNG.runSuites(TestNG.java:1112)
at org.testng.TestNG.run(TestNG.java:1079)
at org.testng.remote.AbstractRemoteTestNG.run(AbstractRemoteTestNG.java:115)
at org.testng.remote.RemoteTestNG.initAndRun(RemoteTestNG.java:293)
at org.testng.remote.RemoteTestNG.main(RemoteTestNG.java:91)
]]>
    </failure>
  </testcase> <!-- verifyContactUsForm -->
  <testcase classname="tests.LogoutTest" name="verifyLogout" time="15.486"/>
  <testcase classname="tests.CheckoutTest" name="verifyCompleteOrderPlacement" time="69.904"/>
</testsuite> <!-- Default test -->
