<?xml version="1.0" encoding="UTF-8"?>
<testng-results ignored="0" total="10" passed="10" failed="0" skipped="0">
  <reporter-output>
  </reporter-output>
  <suite started-at="2026-08-08T15:45:56 IST" name="Default suite" finished-at="2026-08-08T15:50:09 IST" duration-ms="253297">
    <groups>
      <group name="regression">
        <method signature="CheckoutTest.verifyCompleteOrderPlacement()[pri:0, instance:tests.CheckoutTest@524d6d96]" name="verifyCompleteOrderPlacement" class="tests.CheckoutTest"/>
        <method signature="ContactUsTest.verifyContactUsForm()[pri:0, instance:tests.ContactUsTest@2e1d27ba]" name="verifyContactUsForm" class="tests.ContactUsTest"/>
        <method signature="DeleteAccountTest.verifyDeleteAccount()[pri:0, instance:tests.DeleteAccountTest@f381794]" name="verifyDeleteAccount" class="tests.DeleteAccountTest"/>
        <method signature="LoginTest.verifyValidLogin(java.lang.String,java.lang.String)[pri:0, instance:tests.LoginTest@fd07cbb]" name="verifyValidLogin" class="tests.LoginTest"/>
        <method signature="LogoutTest.verifyLogout()[pri:0, instance:tests.LogoutTest@61d6015a]" name="verifyLogout" class="tests.LogoutTest"/>
        <method signature="ProductTest.verifyAddProductToCart()[pri:0, instance:tests.ProductTest@7e9131d5]" name="verifyAddProductToCart" class="tests.ProductTest"/>
        <method signature="ProductTest.verifySearchProduct()[pri:0, instance:tests.ProductTest@7e9131d5]" name="verifySearchProduct" class="tests.ProductTest"/>
        <method signature="SignupTest.verifySignup()[pri:0, instance:tests.SignupTest@2cdd0d4b]" name="verifySignup" class="tests.SignupTest"/>
      </group> <!-- regression -->
      <group name="smoke">
        <method signature="CheckoutTest.verifyCompleteOrderPlacement()[pri:0, instance:tests.CheckoutTest@524d6d96]" name="verifyCompleteOrderPlacement" class="tests.CheckoutTest"/>
        <method signature="LoginTest.verifyValidLogin(java.lang.String,java.lang.String)[pri:0, instance:tests.LoginTest@fd07cbb]" name="verifyValidLogin" class="tests.LoginTest"/>
        <method signature="ProductTest.verifyAddProductToCart()[pri:0, instance:tests.ProductTest@7e9131d5]" name="verifyAddProductToCart" class="tests.ProductTest"/>
        <method signature="ProductTest.verifySearchProduct()[pri:0, instance:tests.ProductTest@7e9131d5]" name="verifySearchProduct" class="tests.ProductTest"/>
      </group> <!-- smoke -->
    </groups>
    <test started-at="2026-08-08T15:45:56 IST" name="Default test" finished-at="2026-08-08T15:50:09 IST" duration-ms="253297">
      <class name="tests.LoginTest">
        <test-method is-config="true" signature="setUp()[pri:0, instance:tests.LoginTest@fd07cbb]" started-at="2026-08-08T15:45:56 IST" name="setUp" finished-at="2026-08-08T15:46:05 IST" duration-ms="9270" status="PASS">
          <reporter-output>
          </reporter-output>
        </test-method> <!-- setUp -->
        <test-method signature="verifyValidLogin(java.lang.String,java.lang.String)[pri:0, instance:tests.LoginTest@fd07cbb]" started-at="2026-08-08T15:46:05 IST" name="verifyValidLogin" data-provider="loginData" finished-at="2026-08-08T15:46:09 IST" duration-ms="3913" status="PASS">
          <params>
            <param index="0">
              <value>
                <![CDATA[testuser@gmail.com]]>
              </value>
            </param>
            <param index="1">
              <value>
                <![CDATA[Test@123]]>
              </value>
            </param>
          </params>
          <reporter-output>
          </reporter-output>
        </test-method> <!-- verifyValidLogin -->
        <test-method is-config="true" signature="tearDown()[pri:0, instance:tests.LoginTest@fd07cbb]" started-at="2026-08-08T15:46:09 IST" name="tearDown" finished-at="2026-08-08T15:46:09 IST" duration-ms="193" status="PASS">
          <reporter-output>
          </reporter-output>
        </test-method> <!-- tearDown -->
        <test-method is-config="true" signature="setUp()[pri:0, instance:tests.LoginTest@fd07cbb]" started-at="2026-08-08T15:46:09 IST" name="setUp" finished-at="2026-08-08T15:46:15 IST" duration-ms="6326" status="PASS">
          <reporter-output>
          </reporter-output>
        </test-method> <!-- setUp -->
        <test-method signature="verifyValidLogin(java.lang.String,java.lang.String)[pri:0, instance:tests.LoginTest@fd07cbb]" started-at="2026-08-08T15:46:15 IST" name="verifyValidLogin" data-provider="loginData" finished-at="2026-08-08T15:46:18 IST" duration-ms="2306" status="PASS">
          <params>
            <param index="0">
              <value>
                <![CDATA[testuser@gmail.com]]>
              </value>
            </param>
            <param index="1">
              <value>
                <![CDATA[Test@123]]>
              </value>
            </param>
          </params>
          <reporter-output>
          </reporter-output>
        </test-method> <!-- verifyValidLogin -->
        <test-method is-config="true" signature="tearDown()[pri:0, instance:tests.LoginTest@fd07cbb]" started-at="2026-08-08T15:46:18 IST" name="tearDown" finished-at="2026-08-08T15:46:18 IST" duration-ms="179" status="PASS">
          <reporter-output>
          </reporter-output>
        </test-method> <!-- tearDown -->
        <test-method is-config="true" signature="setUp()[pri:0, instance:tests.LoginTest@fd07cbb]" started-at="2026-08-08T15:46:18 IST" name="setUp" finished-at="2026-08-08T15:46:25 IST" duration-ms="6894" status="PASS">
          <reporter-output>
          </reporter-output>
        </test-method> <!-- setUp -->
        <test-method signature="verifyValidLogin(java.lang.String,java.lang.String)[pri:0, instance:tests.LoginTest@fd07cbb]" started-at="2026-08-08T15:46:25 IST" name="verifyValidLogin" data-provider="loginData" finished-at="2026-08-08T15:46:27 IST" duration-ms="2622" status="PASS">
          <params>
            <param index="0">
              <value>
                <![CDATA[testuser@gmail.com]]>
              </value>
            </param>
            <param index="1">
              <value>
                <![CDATA[Test@123]]>
              </value>
            </param>
          </params>
          <reporter-output>
          </reporter-output>
        </test-method> <!-- verifyValidLogin -->
        <test-method is-config="true" signature="tearDown()[pri:0, instance:tests.LoginTest@fd07cbb]" started-at="2026-08-08T15:46:27 IST" name="tearDown" finished-at="2026-08-08T15:46:27 IST" duration-ms="177" status="PASS">
          <reporter-output>
          </reporter-output>
        </test-method> <!-- tearDown -->
      </class> <!-- tests.LoginTest -->
      <class name="tests.DeleteAccountTest">
        <test-method is-config="true" signature="setUp()[pri:0, instance:tests.DeleteAccountTest@f381794]" started-at="2026-08-08T15:46:27 IST" name="setUp" finished-at="2026-08-08T15:46:35 IST" duration-ms="7490" status="PASS">
          <reporter-output>
          </reporter-output>
        </test-method> <!-- setUp -->
        <test-method signature="verifyDeleteAccount()[pri:0, instance:tests.DeleteAccountTest@f381794]" started-at="2026-08-08T15:46:35 IST" name="verifyDeleteAccount" finished-at="2026-08-08T15:46:45 IST" duration-ms="9618" status="PASS">
          <reporter-output>
          </reporter-output>
        </test-method> <!-- verifyDeleteAccount -->
        <test-method is-config="true" signature="tearDown()[pri:0, instance:tests.DeleteAccountTest@f381794]" started-at="2026-08-08T15:46:45 IST" name="tearDown" finished-at="2026-08-08T15:46:45 IST" duration-ms="196" status="PASS">
          <reporter-output>
          </reporter-output>
        </test-method> <!-- tearDown -->
      </class> <!-- tests.DeleteAccountTest -->
      <class name="tests.SignupTest">
        <test-method is-config="true" signature="setUp()[pri:0, instance:tests.SignupTest@2cdd0d4b]" started-at="2026-08-08T15:46:45 IST" name="setUp" finished-at="2026-08-08T15:47:03 IST" duration-ms="17836" status="PASS">
          <reporter-output>
          </reporter-output>
        </test-method> <!-- setUp -->
        <test-method signature="verifySignup()[pri:0, instance:tests.SignupTest@2cdd0d4b]" started-at="2026-08-08T15:47:03 IST" name="verifySignup" finished-at="2026-08-08T15:47:58 IST" duration-ms="54873" status="PASS">
          <reporter-output>
          </reporter-output>
        </test-method> <!-- verifySignup -->
        <test-method is-config="true" signature="tearDown()[pri:0, instance:tests.SignupTest@2cdd0d4b]" started-at="2026-08-08T15:47:58 IST" name="tearDown" finished-at="2026-08-08T15:47:58 IST" duration-ms="475" status="PASS">
          <reporter-output>
          </reporter-output>
        </test-method> <!-- tearDown -->
      </class> <!-- tests.SignupTest -->
      <class name="tests.ProductTest">
        <test-method is-config="true" signature="setUp()[pri:0, instance:tests.ProductTest@7e9131d5]" started-at="2026-08-08T15:47:58 IST" name="setUp" finished-at="2026-08-08T15:48:06 IST" duration-ms="8030" status="PASS">
          <reporter-output>
          </reporter-output>
        </test-method> <!-- setUp -->
        <test-method signature="verifyAddProductToCart()[pri:0, instance:tests.ProductTest@7e9131d5]" started-at="2026-08-08T15:48:06 IST" name="verifyAddProductToCart" finished-at="2026-08-08T15:48:15 IST" duration-ms="9446" status="PASS">
          <reporter-output>
          </reporter-output>
        </test-method> <!-- verifyAddProductToCart -->
        <test-method is-config="true" signature="tearDown()[pri:0, instance:tests.ProductTest@7e9131d5]" started-at="2026-08-08T15:48:15 IST" name="tearDown" finished-at="2026-08-08T15:48:16 IST" duration-ms="317" status="PASS">
          <reporter-output>
          </reporter-output>
        </test-method> <!-- tearDown -->
        <test-method is-config="true" signature="setUp()[pri:0, instance:tests.ProductTest@7e9131d5]" started-at="2026-08-08T15:48:16 IST" name="setUp" finished-at="2026-08-08T15:48:22 IST" duration-ms="5715" status="PASS">
          <reporter-output>
          </reporter-output>
        </test-method> <!-- setUp -->
        <test-method signature="verifySearchProduct()[pri:0, instance:tests.ProductTest@7e9131d5]" started-at="2026-08-08T15:48:22 IST" name="verifySearchProduct" finished-at="2026-08-08T15:48:29 IST" duration-ms="7484" status="PASS">
          <reporter-output>
          </reporter-output>
        </test-method> <!-- verifySearchProduct -->
        <test-method is-config="true" signature="tearDown()[pri:0, instance:tests.ProductTest@7e9131d5]" started-at="2026-08-08T15:48:29 IST" name="tearDown" finished-at="2026-08-08T15:48:29 IST" duration-ms="303" status="PASS">
          <reporter-output>
          </reporter-output>
        </test-method> <!-- tearDown -->
      </class> <!-- tests.ProductTest -->
      <class name="tests.ContactUsTest">
        <test-method is-config="true" signature="setUp()[pri:0, instance:tests.ContactUsTest@2e1d27ba]" started-at="2026-08-08T15:48:29 IST" name="setUp" finished-at="2026-08-08T15:48:35 IST" duration-ms="5327" status="PASS">
          <reporter-output>
          </reporter-output>
        </test-method> <!-- setUp -->
        <test-method signature="verifyContactUsForm()[pri:0, instance:tests.ContactUsTest@2e1d27ba]" started-at="2026-08-08T15:48:35 IST" name="verifyContactUsForm" finished-at="2026-08-08T15:48:37 IST" duration-ms="2469" status="PASS">
          <reporter-output>
          </reporter-output>
        </test-method> <!-- verifyContactUsForm -->
        <test-method is-config="true" signature="tearDown()[pri:0, instance:tests.ContactUsTest@2e1d27ba]" started-at="2026-08-08T15:48:37 IST" name="tearDown" finished-at="2026-08-08T15:48:37 IST" duration-ms="325" status="PASS">
          <reporter-output>
          </reporter-output>
        </test-method> <!-- tearDown -->
      </class> <!-- tests.ContactUsTest -->
      <class name="tests.CheckoutTest">
        <test-method is-config="true" signature="setUp()[pri:0, instance:tests.CheckoutTest@524d6d96]" started-at="2026-08-08T15:48:53 IST" name="setUp" finished-at="2026-08-08T15:49:00 IST" duration-ms="6713" status="PASS">
          <reporter-output>
          </reporter-output>
        </test-method> <!-- setUp -->
        <test-method signature="verifyCompleteOrderPlacement()[pri:0, instance:tests.CheckoutTest@524d6d96]" started-at="2026-08-08T15:49:00 IST" name="verifyCompleteOrderPlacement" finished-at="2026-08-08T15:50:08 IST" duration-ms="68718" status="PASS">
          <reporter-output>
          </reporter-output>
        </test-method> <!-- verifyCompleteOrderPlacement -->
        <test-method is-config="true" signature="tearDown()[pri:0, instance:tests.CheckoutTest@524d6d96]" started-at="2026-08-08T15:50:08 IST" name="tearDown" finished-at="2026-08-08T15:50:09 IST" duration-ms="587" status="PASS">
          <reporter-output>
          </reporter-output>
        </test-method> <!-- tearDown -->
      </class> <!-- tests.CheckoutTest -->
      <class name="tests.LogoutTest">
        <test-method is-config="true" signature="setUp()[pri:0, instance:tests.LogoutTest@61d6015a]" started-at="2026-08-08T15:48:37 IST" name="setUp" finished-at="2026-08-08T15:48:43 IST" duration-ms="5246" status="PASS">
          <reporter-output>
          </reporter-output>
        </test-method> <!-- setUp -->
        <test-method signature="verifyLogout()[pri:0, instance:tests.LogoutTest@61d6015a]" started-at="2026-08-08T15:48:43 IST" name="verifyLogout" finished-at="2026-08-08T15:48:53 IST" duration-ms="9863" status="PASS">
          <reporter-output>
          </reporter-output>
        </test-method> <!-- verifyLogout -->
        <test-method is-config="true" signature="tearDown()[pri:0, instance:tests.LogoutTest@61d6015a]" started-at="2026-08-08T15:48:53 IST" name="tearDown" finished-at="2026-08-08T15:48:53 IST" duration-ms="307" status="PASS">
          <reporter-output>
          </reporter-output>
        </test-method> <!-- tearDown -->
      </class> <!-- tests.LogoutTest -->
    </test> <!-- Default test -->
  </suite> <!-- Default suite -->
</testng-results>
