<?xml version="1.0" encoding="UTF-8"?>
<testng-results ignored="0" total="10" passed="8" failed="2" skipped="0">
  <reporter-output>
  </reporter-output>
  <suite started-at="2026-08-12T12:29:37 IST" name="Default suite" finished-at="2026-08-12T12:34:17 IST" duration-ms="280263">
    <groups>
      <group name="regression">
        <method signature="CheckoutTest.verifyCompleteOrderPlacement()[pri:0, instance:tests.CheckoutTest@524d6d96]" name="verifyCompleteOrderPlacement" class="tests.CheckoutTest"/>
        <method signature="ContactUsTest.verifyContactUsForm()[pri:0, instance:tests.ContactUsTest@2e1d27ba]" name="verifyContactUsForm" class="tests.ContactUsTest"/>
        <method signature="DeleteAccountTest.verifyDeleteAccount()[pri:0, instance:tests.DeleteAccountTest@f381794]" name="verifyDeleteAccount" class="tests.DeleteAccountTest"/>
        <method signature="LoginTest.verifyValidLogin(java.lang.String,java.lang.String)[pri:0, instance:tests.LoginTest@fd07cbb]" name="verifyValidLogin" class="tests.LoginTest"/>
        <method signature="LogoutTest.verifyLogout()[pri:0, instance:tests.LogoutTest@61d6015a]" name="verifyLogout" class="tests.LogoutTest"/>
        <method signature="ProductTest.verifyAddProductToCart()[pri:0, instance:tests.ProductTest@7e9131d5]" name="verifyAddProductToCart" class="tests.ProductTest"/>
        <method signature="ProductTest.verifySearchProduct()[pri:0, instance:tests.ProductTest@7e9131d5]" name="verifySearchProduct" class="tests.ProductTest"/>
        <method signature="SignupTest.verifySignup()[pri:0, instance:tests.SignupTest@2cdd0d4b]" name="verifySignup" class="tests.SignupTest"/>
      </group> <!-- regression -->
      <group name="smoke">
        <method signature="CheckoutTest.verifyCompleteOrderPlacement()[pri:0, instance:tests.CheckoutTest@524d6d96]" name="verifyCompleteOrderPlacement" class="tests.CheckoutTest"/>
        <method signature="LoginTest.verifyValidLogin(java.lang.String,java.lang.String)[pri:0, instance:tests.LoginTest@fd07cbb]" name="verifyValidLogin" class="tests.LoginTest"/>
        <method signature="ProductTest.verifyAddProductToCart()[pri:0, instance:tests.ProductTest@7e9131d5]" name="verifyAddProductToCart" class="tests.ProductTest"/>
        <method signature="ProductTest.verifySearchProduct()[pri:0, instance:tests.ProductTest@7e9131d5]" name="verifySearchProduct" class="tests.ProductTest"/>
      </group> <!-- smoke -->
    </groups>
    <test started-at="2026-08-12T12:29:37 IST" name="Default test" finished-at="2026-08-12T12:34:17 IST" duration-ms="280263">
      <class name="tests.LoginTest">
        <test-method is-config="true" signature="setUp()[pri:0, instance:tests.LoginTest@fd07cbb]" started-at="2026-08-12T12:29:37 IST" name="setUp" finished-at="2026-08-12T12:29:50 IST" duration-ms="12805" status="PASS">
          <reporter-output>
          </reporter-output>
        </test-method> <!-- setUp -->
        <test-method signature="verifyValidLogin(java.lang.String,java.lang.String)[pri:0, instance:tests.LoginTest@fd07cbb]" started-at="2026-08-12T12:29:50 IST" name="verifyValidLogin" data-provider="loginData" finished-at="2026-08-12T12:29:53 IST" duration-ms="3693" status="PASS">
          <params>
            <param index="0">
              <value>
                <![CDATA[testuser@gmail.com]]>
              </value>
            </param>
            <param index="1">
              <value>
                <![CDATA[Test@123]]>
              </value>
            </param>
          </params>
          <reporter-output>
          </reporter-output>
        </test-method> <!-- verifyValidLogin -->
        <test-method is-config="true" signature="tearDown()[pri:0, instance:tests.LoginTest@fd07cbb]" started-at="2026-08-12T12:29:53 IST" name="tearDown" finished-at="2026-08-12T12:29:54 IST" duration-ms="403" status="PASS">
          <reporter-output>
          </reporter-output>
        </test-method> <!-- tearDown -->
        <test-method is-config="true" signature="setUp()[pri:0, instance:tests.LoginTest@fd07cbb]" started-at="2026-08-12T12:29:54 IST" name="setUp" finished-at="2026-08-12T12:30:02 IST" duration-ms="8481" status="PASS">
          <reporter-output>
          </reporter-output>
        </test-method> <!-- setUp -->
        <test-method signature="verifyValidLogin(java.lang.String,java.lang.String)[pri:0, instance:tests.LoginTest@fd07cbb]" started-at="2026-08-12T12:30:02 IST" name="verifyValidLogin" data-provider="loginData" finished-at="2026-08-12T12:30:07 IST" duration-ms="4890" status="PASS">
          <params>
            <param index="0">
              <value>
                <![CDATA[testuser@gmail.com]]>
              </value>
            </param>
            <param index="1">
              <value>
                <![CDATA[Test@123]]>
              </value>
            </param>
          </params>
          <reporter-output>
          </reporter-output>
        </test-method> <!-- verifyValidLogin -->
        <test-method is-config="true" signature="tearDown()[pri:0, instance:tests.LoginTest@fd07cbb]" started-at="2026-08-12T12:30:07 IST" name="tearDown" finished-at="2026-08-12T12:30:08 IST" duration-ms="353" status="PASS">
          <reporter-output>
          </reporter-output>
        </test-method> <!-- tearDown -->
        <test-method is-config="true" signature="setUp()[pri:0, instance:tests.LoginTest@fd07cbb]" started-at="2026-08-12T12:30:08 IST" name="setUp" finished-at="2026-08-12T12:30:16 IST" duration-ms="8877" status="PASS">
          <reporter-output>
          </reporter-output>
        </test-method> <!-- setUp -->
        <test-method signature="verifyValidLogin(java.lang.String,java.lang.String)[pri:0, instance:tests.LoginTest@fd07cbb]" started-at="2026-08-12T12:30:16 IST" name="verifyValidLogin" data-provider="loginData" finished-at="2026-08-12T12:30:23 IST" duration-ms="6293" status="PASS">
          <params>
            <param index="0">
              <value>
                <![CDATA[testuser@gmail.com]]>
              </value>
            </param>
            <param index="1">
              <value>
                <![CDATA[Test@123]]>
              </value>
            </param>
          </params>
          <reporter-output>
          </reporter-output>
        </test-method> <!-- verifyValidLogin -->
        <test-method is-config="true" signature="tearDown()[pri:0, instance:tests.LoginTest@fd07cbb]" started-at="2026-08-12T12:30:23 IST" name="tearDown" finished-at="2026-08-12T12:30:23 IST" duration-ms="350" status="PASS">
          <reporter-output>
          </reporter-output>
        </test-method> <!-- tearDown -->
      </class> <!-- tests.LoginTest -->
      <class name="tests.DeleteAccountTest">
        <test-method is-config="true" signature="setUp()[pri:0, instance:tests.DeleteAccountTest@f381794]" started-at="2026-08-12T12:30:23 IST" name="setUp" finished-at="2026-08-12T12:30:36 IST" duration-ms="13171" status="PASS">
          <reporter-output>
          </reporter-output>
        </test-method> <!-- setUp -->
        <test-method signature="verifyDeleteAccount()[pri:0, instance:tests.DeleteAccountTest@f381794]" started-at="2026-08-12T12:30:36 IST" name="verifyDeleteAccount" finished-at="2026-08-12T12:30:51 IST" duration-ms="14704" status="PASS">
          <reporter-output>
          </reporter-output>
        </test-method> <!-- verifyDeleteAccount -->
        <test-method is-config="true" signature="tearDown()[pri:0, instance:tests.DeleteAccountTest@f381794]" started-at="2026-08-12T12:30:51 IST" name="tearDown" finished-at="2026-08-12T12:30:51 IST" duration-ms="470" status="PASS">
          <reporter-output>
          </reporter-output>
        </test-method> <!-- tearDown -->
      </class> <!-- tests.DeleteAccountTest -->
      <class name="tests.SignupTest">
        <test-method is-config="true" signature="setUp()[pri:0, instance:tests.SignupTest@2cdd0d4b]" started-at="2026-08-12T12:30:51 IST" name="setUp" finished-at="2026-08-12T12:31:00 IST" duration-ms="8326" status="PASS">
          <reporter-output>
          </reporter-output>
        </test-method> <!-- setUp -->
        <test-method signature="verifySignup()[pri:0, instance:tests.SignupTest@2cdd0d4b]" started-at="2026-08-12T12:31:00 IST" name="verifySignup" finished-at="2026-08-12T12:31:21 IST" duration-ms="21016" status="PASS">
          <reporter-output>
          </reporter-output>
        </test-method> <!-- verifySignup -->
        <test-method is-config="true" signature="tearDown()[pri:0, instance:tests.SignupTest@2cdd0d4b]" started-at="2026-08-12T12:31:21 IST" name="tearDown" finished-at="2026-08-12T12:31:21 IST" duration-ms="405" status="PASS">
          <reporter-output>
          </reporter-output>
        </test-method> <!-- tearDown -->
      </class> <!-- tests.SignupTest -->
      <class name="tests.ProductTest">
        <test-method is-config="true" signature="setUp()[pri:0, instance:tests.ProductTest@7e9131d5]" started-at="2026-08-12T12:31:21 IST" name="setUp" finished-at="2026-08-12T12:31:29 IST" duration-ms="7358" status="PASS">
          <reporter-output>
          </reporter-output>
        </test-method> <!-- setUp -->
        <test-method signature="verifyAddProductToCart()[pri:0, instance:tests.ProductTest@7e9131d5]" started-at="2026-08-12T12:31:29 IST" name="verifyAddProductToCart" finished-at="2026-08-12T12:31:36 IST" duration-ms="7024" status="PASS">
          <reporter-output>
          </reporter-output>
        </test-method> <!-- verifyAddProductToCart -->
        <test-method is-config="true" signature="tearDown()[pri:0, instance:tests.ProductTest@7e9131d5]" started-at="2026-08-12T12:31:36 IST" name="tearDown" finished-at="2026-08-12T12:31:36 IST" duration-ms="310" status="PASS">
          <reporter-output>
          </reporter-output>
        </test-method> <!-- tearDown -->
        <test-method is-config="true" signature="setUp()[pri:0, instance:tests.ProductTest@7e9131d5]" started-at="2026-08-12T12:31:36 IST" name="setUp" finished-at="2026-08-12T12:31:49 IST" duration-ms="13449" status="PASS">
          <reporter-output>
          </reporter-output>
        </test-method> <!-- setUp -->
        <test-method signature="verifySearchProduct()[pri:0, instance:tests.ProductTest@7e9131d5]" started-at="2026-08-12T12:31:49 IST" name="verifySearchProduct" finished-at="2026-08-12T12:32:15 IST" duration-ms="25949" status="FAIL">
          <exception class="org.openqa.selenium.TimeoutException">
            <message>
              <![CDATA[Expected condition failed: waiting for visibility of [[ChromeDriver: chrome on windows (344316f953ed1d115e3c8a9ac46e7e19)] -> id: search_product]
(tried for 10 seconds with 500 milliseconds interval)]]>
            </message>
            <full-stacktrace>
              <![CDATA[org.openqa.selenium.TimeoutException: Expected condition failed: waiting for visibility of [[ChromeDriver: chrome on windows (344316f953ed1d115e3c8a9ac46e7e19)] -> id: search_product]
(tried for 10 seconds with 500 milliseconds interval)
at org.openqa.selenium.support.ui.WebDriverWait.timeoutException(WebDriverWait.java:85)
at org.openqa.selenium.support.ui.FluentWait.until(FluentWait.java:234)
at pages.ProductPage.searchProduct(ProductPage.java:50)
at tests.ProductTest.verifySearchProduct(ProductTest.java:24)
at java.base/jdk.internal.reflect.NativeMethodAccessorImpl.invoke0(Native Method)
at java.base/jdk.internal.reflect.NativeMethodAccessorImpl.invoke(NativeMethodAccessorImpl.java:77)
at java.base/jdk.internal.reflect.DelegatingMethodAccessorImpl.invoke(DelegatingMethodAccessorImpl.java:43)
at java.base/java.lang.reflect.Method.invoke(Method.java:568)
at org.testng.internal.invokers.MethodInvocationHelper.invokeMethod(MethodInvocationHelper.java:141)
at org.testng.internal.invokers.TestInvoker.invokeMethod(TestInvoker.java:687)
at org.testng.internal.invokers.TestInvoker.invokeTestMethod(TestInvoker.java:230)
at org.testng.internal.invokers.MethodRunner.runInSequence(MethodRunner.java:63)
at org.testng.internal.invokers.TestInvoker$MethodInvocationAgent.invoke(TestInvoker.java:995)
at org.testng.internal.invokers.TestInvoker.invokeTestMethods(TestInvoker.java:203)
at org.testng.internal.invokers.TestMethodWorker.invokeTestMethods(TestMethodWorker.java:154)
at org.testng.internal.invokers.TestMethodWorker.run(TestMethodWorker.java:134)
at java.base/java.util.ArrayList.forEach(ArrayList.java:1511)
at org.testng.TestRunner.privateRun(TestRunner.java:741)
at org.testng.TestRunner.run(TestRunner.java:616)
at org.testng.SuiteRunner.runTest(SuiteRunner.java:421)
at org.testng.SuiteRunner.runSequentially(SuiteRunner.java:413)
at org.testng.SuiteRunner.privateRun(SuiteRunner.java:373)
at org.testng.SuiteRunner.run(SuiteRunner.java:312)
at org.testng.SuiteRunnerWorker.runSuite(SuiteRunnerWorker.java:52)
at org.testng.SuiteRunnerWorker.run(SuiteRunnerWorker.java:95)
at org.testng.TestNG.runSuitesSequentially(TestNG.java:1274)
at org.testng.TestNG.runSuitesLocally(TestNG.java:1208)
at org.testng.TestNG.runSuites(TestNG.java:1112)
at org.testng.TestNG.run(TestNG.java:1079)
at org.testng.remote.AbstractRemoteTestNG.run(AbstractRemoteTestNG.java:115)
at org.testng.remote.RemoteTestNG.initAndRun(RemoteTestNG.java:293)
at org.testng.remote.RemoteTestNG.main(RemoteTestNG.java:91)
Caused by: org.openqa.selenium.NoSuchElementException: no such element: Unable to locate element: {"method":"css selector","selector":"#search_product"}
  (Session info: chrome=151.0.7922.76)
For documentation on this error, please visit: https://www.selenium.dev/documentation/webdriver/troubleshooting/errors#nosuchelementexception
Build info: version: '4.46.0', revision: 'df5a634 df5a6341cbb5f8f06b836bd595752775627c80dc'
System info: os.name: 'Windows 11', os.arch: 'amd64', os.version: '10.0', java.version: '17.0.12'
Driver info: org.openqa.selenium.chrome.ChromeDriver
Command: [344316f953ed1d115e3c8a9ac46e7e19, findElement {using=id, value=search_product}]
Capabilities {acceptInsecureCerts: false, browserName: chrome, browserVersion: 151.0.7922.76, chrome: {chromedriverVersion: 151.0.7922.138 (41fa8244239..., userDataDir: C:\Users\chsri\AppData\Loca...}, fedcm:accounts: true, goog:chromeOptions: {debuggerAddress: localhost:61348}, goog:processID: 25008, networkConnectionEnabled: false, pageLoadStrategy: normal, platformName: windows, proxy: Proxy(), se:cdp: ws://localhost:61348/devtoo..., se:cdpVersion: 151.0.7922.76, setWindowRect: true, strictFileInteractability: false, timeouts: {implicit: 0, pageLoad: 300000, script: 30000}, unhandledPromptBehavior: dismiss and notify, webauthn:extension:credBlob: true, webauthn:extension:largeBlob: true, webauthn:extension:minPinLength: true, webauthn:extension:prf: true, webauthn:virtualAuthenticators: true}
Session ID: 344316f953ed1d115e3c8a9ac46e7e19
at org.openqa.selenium.remote.ErrorCodec.decode(ErrorCodec.java:169)
at org.openqa.selenium.remote.codec.w3c.W3CHttpResponseCodec.decode(W3CHttpResponseCodec.java:143)
at org.openqa.selenium.remote.codec.w3c.W3CHttpResponseCodec.decode(W3CHttpResponseCodec.java:50)
at org.openqa.selenium.remote.HttpCommandExecutor.execute(HttpCommandExecutor.java:196)
at org.openqa.selenium.remote.service.DriverCommandExecutor.invokeExecute(DriverCommandExecutor.java:217)
at org.openqa.selenium.remote.service.DriverCommandExecutor.execute(DriverCommandExecutor.java:175)
at org.openqa.selenium.remote.RemoteWebDriver.execute(RemoteWebDriver.java:626)
at org.openqa.selenium.remote.ElementLocation$ElementFinder$2.findElement(ElementLocation.java:173)
at org.openqa.selenium.remote.ElementLocation.findElement(ElementLocation.java:67)
at org.openqa.selenium.remote.RemoteWebDriver.findElement(RemoteWebDriver.java:406)
at org.openqa.selenium.remote.RemoteWebDriver.findElement(RemoteWebDriver.java:400)
at org.openqa.selenium.support.pagefactory.DefaultElementLocator.findElement(DefaultElementLocator.java:69)
at org.openqa.selenium.support.pagefactory.internal.LocatingElementHandler.invoke(LocatingElementHandler.java:38)
at jdk.proxy2/jdk.proxy2.$Proxy13.isDisplayed(Unknown Source)
at org.openqa.selenium.support.ui.ExpectedConditions.elementIfVisible(ExpectedConditions.java:365)
at org.openqa.selenium.support.ui.ExpectedConditions$10.apply(ExpectedConditions.java:351)
at org.openqa.selenium.support.ui.ExpectedConditions$10.apply(ExpectedConditions.java:348)
at org.openqa.selenium.support.ui.FluentWait.until(FluentWait.java:210)
... 30 more
]]>
            </full-stacktrace>
          </exception> <!-- org.openqa.selenium.TimeoutException -->
          <reporter-output>
          </reporter-output>
        </test-method> <!-- verifySearchProduct -->
        <test-method is-config="true" signature="tearDown()[pri:0, instance:tests.ProductTest@7e9131d5]" started-at="2026-08-12T12:32:15 IST" name="tearDown" finished-at="2026-08-12T12:32:16 IST" duration-ms="436" status="PASS">
          <reporter-output>
          </reporter-output>
        </test-method> <!-- tearDown -->
      </class> <!-- tests.ProductTest -->
      <class name="tests.ContactUsTest">
        <test-method is-config="true" signature="setUp()[pri:0, instance:tests.ContactUsTest@2e1d27ba]" started-at="2026-08-12T12:32:16 IST" name="setUp" finished-at="2026-08-12T12:32:27 IST" duration-ms="11020" status="PASS">
          <reporter-output>
          </reporter-output>
        </test-method> <!-- setUp -->
        <test-method signature="verifyContactUsForm()[pri:0, instance:tests.ContactUsTest@2e1d27ba]" started-at="2026-08-12T12:32:27 IST" name="verifyContactUsForm" finished-at="2026-08-12T12:32:33 IST" duration-ms="5868" status="FAIL">
          <exception class="org.openqa.selenium.ElementClickInterceptedException">
            <message>
              <![CDATA[element click intercepted: Element <input type="submit" data-qa="submit-button" name="submit" class="btn btn-primary pull-left submit_form" value="Submit"> is not clickable at point (239, 653). Other element would receive the click: <iframe id="aswift_2" name="aswift_2" style="min-height: auto !important; max-height: none !important; min-width: auto !important; max-width: none !important; width: 100vw !important; height: 100vh !important; inset: 0px auto auto 0px !important; position: absolute !important; clear: none !important; display: inline !important; float: none !important; margin: 0px !important; opacity: 1 !important; overflow: visible !important; padding: 0px !important; vertical-align: baseline !important; visibility: visible !important; z-index: auto !important;" sandbox="allow-forms allow-popups allow-popups-to-escape-sandbox allow-same-origin allow-scripts allow-top-navigation-by-user-activation" width="" height="" frameborder="0" marginwidth="0" marginheight="0" vspace="0" hspace="0" allowtransparency="true" scrolling="no" allow="attribution-reporting; run-ad-auction" src="https://googleads.g.doubleclick.net/pagead/html/r20260811/r20190131/zrt_lookup_fy2021.html#RS-0-&amp;adk=1812271808&amp;client=ca-pub-1677597403311019&amp;fa=8&amp;ifi=3&amp;uci=a!3" data-google-container-id="a!3" tabindex="0" title="Advertisement" aria-label="Advertisement" data-google-query-id="CNGuiN3CmpYDFfORRgQd-l4wPw" data-load-complete="true"></iframe>
  (Session info: chrome=151.0.7922.76)
Build info: version: '4.46.0', revision: 'df5a634 df5a6341cbb5f8f06b836bd595752775627c80dc'
System info: os.name: 'Windows 11', os.arch: 'amd64', os.version: '10.0', java.version: '17.0.12'
Driver info: org.openqa.selenium.chrome.ChromeDriver
Command: [ffec6becaa27494a55055ba3b746a842, clickElement {id=f.21D93A82DBFA662885AE8103DFECEB34.d.167B1E7A875C2730497B6A9D0A5819A5.e.54}]
Capabilities {acceptInsecureCerts: false, browserName: chrome, browserVersion: 151.0.7922.76, chrome: {chromedriverVersion: 151.0.7922.138 (41fa8244239..., userDataDir: C:\Users\chsri\AppData\Loca...}, fedcm:accounts: true, goog:chromeOptions: {debuggerAddress: localhost:58602}, goog:processID: 9752, networkConnectionEnabled: false, pageLoadStrategy: normal, platformName: windows, proxy: Proxy(), se:cdp: ws://localhost:58602/devtoo..., se:cdpVersion: 151.0.7922.76, setWindowRect: true, strictFileInteractability: false, timeouts: {implicit: 0, pageLoad: 300000, script: 30000}, unhandledPromptBehavior: dismiss and notify, webauthn:extension:credBlob: true, webauthn:extension:largeBlob: true, webauthn:extension:minPinLength: true, webauthn:extension:prf: true, webauthn:virtualAuthenticators: true}
Element: [[ChromeDriver: chrome on windows (ffec6becaa27494a55055ba3b746a842)] -> name: submit]
Session ID: ffec6becaa27494a55055ba3b746a842]]>
            </message>
            <full-stacktrace>
              <![CDATA[org.openqa.selenium.ElementClickInterceptedException: element click intercepted: Element <input type="submit" data-qa="submit-button" name="submit" class="btn btn-primary pull-left submit_form" value="Submit"> is not clickable at point (239, 653). Other element would receive the click: <iframe id="aswift_2" name="aswift_2" style="min-height: auto !important; max-height: none !important; min-width: auto !important; max-width: none !important; width: 100vw !important; height: 100vh !important; inset: 0px auto auto 0px !important; position: absolute !important; clear: none !important; display: inline !important; float: none !important; margin: 0px !important; opacity: 1 !important; overflow: visible !important; padding: 0px !important; vertical-align: baseline !important; visibility: visible !important; z-index: auto !important;" sandbox="allow-forms allow-popups allow-popups-to-escape-sandbox allow-same-origin allow-scripts allow-top-navigation-by-user-activation" width="" height="" frameborder="0" marginwidth="0" marginheight="0" vspace="0" hspace="0" allowtransparency="true" scrolling="no" allow="attribution-reporting; run-ad-auction" src="https://googleads.g.doubleclick.net/pagead/html/r20260811/r20190131/zrt_lookup_fy2021.html#RS-0-&amp;adk=1812271808&amp;client=ca-pub-1677597403311019&amp;fa=8&amp;ifi=3&amp;uci=a!3" data-google-container-id="a!3" tabindex="0" title="Advertisement" aria-label="Advertisement" data-google-query-id="CNGuiN3CmpYDFfORRgQd-l4wPw" data-load-complete="true"></iframe>
  (Session info: chrome=151.0.7922.76)
Build info: version: '4.46.0', revision: 'df5a634 df5a6341cbb5f8f06b836bd595752775627c80dc'
System info: os.name: 'Windows 11', os.arch: 'amd64', os.version: '10.0', java.version: '17.0.12'
Driver info: org.openqa.selenium.chrome.ChromeDriver
Command: [ffec6becaa27494a55055ba3b746a842, clickElement {id=f.21D93A82DBFA662885AE8103DFECEB34.d.167B1E7A875C2730497B6A9D0A5819A5.e.54}]
Capabilities {acceptInsecureCerts: false, browserName: chrome, browserVersion: 151.0.7922.76, chrome: {chromedriverVersion: 151.0.7922.138 (41fa8244239..., userDataDir: C:\Users\chsri\AppData\Loca...}, fedcm:accounts: true, goog:chromeOptions: {debuggerAddress: localhost:58602}, goog:processID: 9752, networkConnectionEnabled: false, pageLoadStrategy: normal, platformName: windows, proxy: Proxy(), se:cdp: ws://localhost:58602/devtoo..., se:cdpVersion: 151.0.7922.76, setWindowRect: true, strictFileInteractability: false, timeouts: {implicit: 0, pageLoad: 300000, script: 30000}, unhandledPromptBehavior: dismiss and notify, webauthn:extension:credBlob: true, webauthn:extension:largeBlob: true, webauthn:extension:minPinLength: true, webauthn:extension:prf: true, webauthn:virtualAuthenticators: true}
Element: [[ChromeDriver: chrome on windows (ffec6becaa27494a55055ba3b746a842)] -> name: submit]
Session ID: ffec6becaa27494a55055ba3b746a842
at org.openqa.selenium.remote.ErrorCodec.decode(ErrorCodec.java:169)
at org.openqa.selenium.remote.codec.w3c.W3CHttpResponseCodec.decode(W3CHttpResponseCodec.java:143)
at org.openqa.selenium.remote.codec.w3c.W3CHttpResponseCodec.decode(W3CHttpResponseCodec.java:50)
at org.openqa.selenium.remote.HttpCommandExecutor.execute(HttpCommandExecutor.java:196)
at org.openqa.selenium.remote.service.DriverCommandExecutor.invokeExecute(DriverCommandExecutor.java:217)
at org.openqa.selenium.remote.service.DriverCommandExecutor.execute(DriverCommandExecutor.java:175)
at org.openqa.selenium.remote.RemoteWebDriver.execute(RemoteWebDriver.java:626)
at org.openqa.selenium.remote.RemoteWebElement.execute(RemoteWebElement.java:225)
at org.openqa.selenium.remote.RemoteWebElement.click(RemoteWebElement.java:79)
at jdk.internal.reflect.GeneratedMethodAccessor2.invoke(Unknown Source)
at java.base/jdk.internal.reflect.DelegatingMethodAccessorImpl.invoke(DelegatingMethodAccessorImpl.java:43)
at java.base/java.lang.reflect.Method.invoke(Method.java:568)
at org.openqa.selenium.support.pagefactory.internal.LocatingElementHandler.invoke(LocatingElementHandler.java:51)
at jdk.proxy2/jdk.proxy2.$Proxy13.click(Unknown Source)
at pages.ContactUsPage.clickSubmit(ContactUsPage.java:73)
at tests.ContactUsTest.verifyContactUsForm(ContactUsTest.java:37)
at java.base/jdk.internal.reflect.NativeMethodAccessorImpl.invoke0(Native Method)
at java.base/jdk.internal.reflect.NativeMethodAccessorImpl.invoke(NativeMethodAccessorImpl.java:77)
at java.base/jdk.internal.reflect.DelegatingMethodAccessorImpl.invoke(DelegatingMethodAccessorImpl.java:43)
at java.base/java.lang.reflect.Method.invoke(Method.java:568)
at org.testng.internal.invokers.MethodInvocationHelper.invokeMethod(MethodInvocationHelper.java:141)
at org.testng.internal.invokers.TestInvoker.invokeMethod(TestInvoker.java:687)
at org.testng.internal.invokers.TestInvoker.invokeTestMethod(TestInvoker.java:230)
at org.testng.internal.invokers.MethodRunner.runInSequence(MethodRunner.java:63)
at org.testng.internal.invokers.TestInvoker$MethodInvocationAgent.invoke(TestInvoker.java:995)
at org.testng.internal.invokers.TestInvoker.invokeTestMethods(TestInvoker.java:203)
at org.testng.internal.invokers.TestMethodWorker.invokeTestMethods(TestMethodWorker.java:154)
at org.testng.internal.invokers.TestMethodWorker.run(TestMethodWorker.java:134)
at java.base/java.util.ArrayList.forEach(ArrayList.java:1511)
at org.testng.TestRunner.privateRun(TestRunner.java:741)
at org.testng.TestRunner.run(TestRunner.java:616)
at org.testng.SuiteRunner.runTest(SuiteRunner.java:421)
at org.testng.SuiteRunner.runSequentially(SuiteRunner.java:413)
at org.testng.SuiteRunner.privateRun(SuiteRunner.java:373)
at org.testng.SuiteRunner.run(SuiteRunner.java:312)
at org.testng.SuiteRunnerWorker.runSuite(SuiteRunnerWorker.java:52)
at org.testng.SuiteRunnerWorker.run(SuiteRunnerWorker.java:95)
at org.testng.TestNG.runSuitesSequentially(TestNG.java:1274)
at org.testng.TestNG.runSuitesLocally(TestNG.java:1208)
at org.testng.TestNG.runSuites(TestNG.java:1112)
at org.testng.TestNG.run(TestNG.java:1079)
at org.testng.remote.AbstractRemoteTestNG.run(AbstractRemoteTestNG.java:115)
at org.testng.remote.RemoteTestNG.initAndRun(RemoteTestNG.java:293)
at org.testng.remote.RemoteTestNG.main(RemoteTestNG.java:91)
]]>
            </full-stacktrace>
          </exception> <!-- org.openqa.selenium.ElementClickInterceptedException -->
          <reporter-output>
          </reporter-output>
        </test-method> <!-- verifyContactUsForm -->
        <test-method is-config="true" signature="tearDown()[pri:0, instance:tests.ContactUsTest@2e1d27ba]" started-at="2026-08-12T12:32:33 IST" name="tearDown" finished-at="2026-08-12T12:32:33 IST" duration-ms="279" status="PASS">
          <reporter-output>
          </reporter-output>
        </test-method> <!-- tearDown -->
      </class> <!-- tests.ContactUsTest -->
      <class name="tests.CheckoutTest">
        <test-method is-config="true" signature="setUp()[pri:0, instance:tests.CheckoutTest@524d6d96]" started-at="2026-08-12T12:32:56 IST" name="setUp" finished-at="2026-08-12T12:33:06 IST" duration-ms="9829" status="PASS">
          <reporter-output>
          </reporter-output>
        </test-method> <!-- setUp -->
        <test-method signature="verifyCompleteOrderPlacement()[pri:0, instance:tests.CheckoutTest@524d6d96]" started-at="2026-08-12T12:33:06 IST" name="verifyCompleteOrderPlacement" finished-at="2026-08-12T12:34:16 IST" duration-ms="69904" status="PASS">
          <reporter-output>
          </reporter-output>
        </test-method> <!-- verifyCompleteOrderPlacement -->
        <test-method is-config="true" signature="tearDown()[pri:0, instance:tests.CheckoutTest@524d6d96]" started-at="2026-08-12T12:34:16 IST" name="tearDown" finished-at="2026-08-12T12:34:17 IST" duration-ms="889" status="PASS">
          <reporter-output>
          </reporter-output>
        </test-method> <!-- tearDown -->
      </class> <!-- tests.CheckoutTest -->
      <class name="tests.LogoutTest">
        <test-method is-config="true" signature="setUp()[pri:0, instance:tests.LogoutTest@61d6015a]" started-at="2026-08-12T12:32:33 IST" name="setUp" finished-at="2026-08-12T12:32:41 IST" duration-ms="7613" status="PASS">
          <reporter-output>
          </reporter-output>
        </test-method> <!-- setUp -->
        <test-method signature="verifyLogout()[pri:0, instance:tests.LogoutTest@61d6015a]" started-at="2026-08-12T12:32:41 IST" name="verifyLogout" finished-at="2026-08-12T12:32:56 IST" duration-ms="15486" status="PASS">
          <reporter-output>
          </reporter-output>
        </test-method> <!-- verifyLogout -->
        <test-method is-config="true" signature="tearDown()[pri:0, instance:tests.LogoutTest@61d6015a]" started-at="2026-08-12T12:32:56 IST" name="tearDown" finished-at="2026-08-12T12:32:56 IST" duration-ms="441" status="PASS">
          <reporter-output>
          </reporter-output>
        </test-method> <!-- tearDown -->
      </class> <!-- tests.LogoutTest -->
    </test> <!-- Default test -->
  </suite> <!-- Default suite -->
</testng-results>
