<?xml version="1.0" encoding="UTF-8"?>
<!-- Generated by org.testng.reporters.JUnitReportReporter -->
<testsuite hostname="Srikanth" failures="0" tests="3" name="tests.LoginTest" time="31.880" errors="0" timestamp="2026-08-08T15:50:09 IST" skipped="0">
  <testcase classname="tests.LoginTest" name="verifyValidLogin" time="10.432"/>
  <testcase classname="tests.LoginTest" name="verifyValidLogin" time="11.755"/>
  <testcase classname="tests.LoginTest" name="verifyValidLogin" time="9.693"/>
</testsuite> <!-- tests.LoginTest -->
