<?xml version="1.0" encoding="UTF-8"?>
<!-- Generated by org.testng.reporters.JUnitReportReporter -->
<testsuite hostname="Srikanth" failures="0" tests="3" name="tests.LoginTest" time="46.145" errors="0" timestamp="2026-08-12T12:34:18 IST" skipped="0">
  <testcase classname="tests.LoginTest" name="verifyValidLogin" time="12.973"/>
  <testcase classname="tests.LoginTest" name="verifyValidLogin" time="13.724"/>
  <testcase classname="tests.LoginTest" name="verifyValidLogin" time="19.448"/>
</testsuite> <!-- tests.LoginTest -->
